# JRE version: OpenJDK Runtime Environment (11.0.2+9) (build 11.0.2+9)
# Java VM: OpenJDK 64-Bit Server VM (11.0.2+9, mixed mode, tiered, compressed oops, g1 gc, windows-amd64)
Heap:
 garbage-first heap   total 307200K, used 253509K [0x0000000080000000, 0x0000000100000000)
  region size 1024K, 19 young (19456K), 3 survivors (3072K)
 Metaspace       used 116114K, capacity 123015K, committed 123260K, reserved 622592K
  class space    used 15392K, capacity 17904K, committed 17920K, reserved 516096K
GC Heap History (10 events):
Event: 86.365 GC heap before
{Heap before GC invocations=133 (full 0):
 garbage-first heap   total 256000K, used 239455K [0x0000000080000000, 0x0000000100000000)
  region size 1024K, 12 young (12288K), 2 survivors (2048K)
 Metaspace       used 114353K, capacity 121029K, committed 121340K, reserved 620544K
  class space    used 15271K, capacity 17680K, committed 17792K, reserved 516096K
}
Event: 86.371 GC heap after
{Heap after GC invocations=134 (full 0):
 garbage-first heap   total 256000K, used 231959K [0x0000000080000000, 0x0000000100000000)
  region size 1024K, 2 young (2048K), 2 survivors (2048K)
 Metaspace       used 114353K, capacity 121029K, committed 121340K, reserved 620544K
  class space    used 15271K, capacity 17680K, committed 17792K, reserved 516096K
}
Event: 86.797 GC heap before
{Heap before GC invocations=135 (full 0):
 garbage-first heap   total 256000K, used 242199K [0x0000000080000000, 0x0000000100000000)
  region size 1024K, 12 young (12288K), 2 survivors (2048K)
 Metaspace       used 114497K, capacity 121347K, committed 121596K, reserved 620544K
  class space    used 15297K, capacity 17762K, committed 17792K, reserved 516096K
}
Event: 86.804 GC heap after
{Heap after GC invocations=136 (full 0):
 garbage-first heap   total 256000K, used 235365K [0x0000000080000000, 0x0000000100000000)
  region size 1024K, 2 young (2048K), 2 survivors (2048K)
 Metaspace       used 114497K, capacity 121347K, committed 121596K, reserved 620544K
  class space    used 15297K, capacity 17762K, committed 17792K, reserved 516096K
}
Event: 86.876 GC heap before
{Heap before GC invocations=136 (full 0):
 garbage-first heap   total 256000K, used 244581K [0x0000000080000000, 0x0000000100000000)
  region size 1024K, 12 young (12288K), 2 survivors (2048K)
 Metaspace       used 114804K, capacity 121641K, committed 121980K, reserved 620544K
  class space    used 15316K, capacity 17795K, committed 17920K, reserved 516096K
}
Event: 86.884 GC heap after
{Heap after GC invocations=137 (full 0):
 garbage-first heap   total 256000K, used 236711K [0x0000000080000000, 0x0000000100000000)
  region size 1024K, 2 young (2048K), 2 survivors (2048K)
 Metaspace       used 114804K, capacity 121641K, committed 121980K, reserved 620544K
  class space    used 15316K, capacity 17795K, committed 17920K, reserved 516096K
}
Event: 86.977 GC heap before
{Heap before GC invocations=137 (full 0):
 garbage-first heap   total 256000K, used 246951K [0x0000000080000000, 0x0000000100000000)
  region size 1024K, 12 young (12288K), 2 survivors (2048K)
 Metaspace       used 114947K, capacity 121769K, committed 121980K, reserved 620544K
  class space    used 15331K, capacity 17795K, committed 17920K, reserved 516096K
}
Event: 86.981 GC heap after
{Heap after GC invocations=138 (full 0):
 garbage-first heap   total 307200K, used 237552K [0x0000000080000000, 0x0000000100000000)
  region size 1024K, 2 young (2048K), 2 survivors (2048K)
 Metaspace       used 114947K, capacity 121769K, committed 121980K, reserved 620544K
  class space    used 15331K, capacity 17795K, committed 17920K, reserved 516096K
}
Event: 87.245 GC heap before
{Heap before GC invocations=138 (full 0):
 garbage-first heap   total 307200K, used 253936K [0x0000000080000000, 0x0000000100000000)
  region size 1024K, 18 young (18432K), 2 survivors (2048K)
 Metaspace       used 115358K, capacity 122279K, committed 122492K, reserved 622592K
  class space    used 15360K, capacity 17833K, committed 17920K, reserved 516096K
}
Event: 87.250 GC heap after
{Heap after GC invocations=139 (full 0):
 garbage-first heap   total 307200K, used 239173K [0x0000000080000000, 0x0000000100000000)
  region size 1024K, 3 young (3072K), 3 survivors (3072K)
 Metaspace       used 115358K, capacity 122279K, committed 122492K, reserved 622592K
  class space    used 15360K, capacity 17833K, committed 17920K, reserved 516096K
}

